#
# A fatal error has been detected by the Java Runtime Environment:
#
#  EXCEPTION_ACCESS_VIOLATION (0xc0000005) at pc=0x00007ffb5dd02a8f, pid=8284, tid=18240
#
# JRE version: OpenJDK Runtime Environment Temurin-11.0.12+7 (11.0.12+7) (build 11.0.12+7)
# Java VM: OpenJDK 64-Bit Server VM Temurin-11.0.12+7 (11.0.12+7, mixed mode, tiered, compressed oops, parallel gc, windows-amd64)
# Problematic frame:
# V  [jvm.dll+0x372a8f]
#
# No core dump will be written. Minidumps are not enabled by default on client versions of Windows
#
# If you would like to submit a bug report, please visit:
#   https://github.com/adoptium/adoptium-support/issues
#

---------------  S U M M A R Y ------------

Command Line: --add-modules=ALL-SYSTEM --add-opens=java.base/java.util=ALL-UNNAMED --add-opens=java.base/java.lang=ALL-UNNAMED -Declipse.application=org.eclipse.jdt.ls.core.id1 -Dosgi.bundles.defaultStartLevel=4 -Declipse.product=org.eclipse.jdt.ls.core.product -DwatchParentProcess=false -Dfile.encoding=utf-8 -XX:+UseParallelGC -XX:GCTimeRatio=4 -XX:AdaptiveSizePolicyWeight=90 -Dsun.zip.disableMemoryMapping=true -Xmx1G -Xms100m -javaagent:c:\Users\wnsgu\.vscode\extensions\gabrielbb.vscode-lombok-1.0.1\server\lombok.jar -Xverify:none c:\Users\wnsgu\.vscode\extensions\redhat.java-0.81.0\server\plugins\org.eclipse.equinox.launcher_1.6.200.v20210416-2027.jar -configuration c:\Users\wnsgu\AppData\Roaming\Code\User\globalStorage\redhat.java\0.81.0\config_ss_win -data c:\Users\wnsgu\AppData\Roaming\Code\User\workspaceStorage\0d211eff3f9b765b38045de0f8571aa9\redhat.java\ss_ws

Host: AMD Ryzen 5 3500U with Radeon Vega Mobile Gfx  , 8 cores, 5G,  Windows 10 , 64 bit Build 19041 (10.0.19041.1151)
Time: Wed Sep  8 09:52:37 2021 대한민국 표준시 elapsed time: 9.133189 seconds (0d 0h 0m 9s)

---------------  T H R E A D  ---------------

Current thread (0x000001adb3962800):  JavaThread "pool-1-thread-1" [_thread_in_vm, id=18240, stack(0x0000008af5500000,0x0000008af5600000)]

Stack: [0x0000008af5500000,0x0000008af5600000],  sp=0x0000008af55fd270,  free space=1012k
Native frames: (J=compiled Java code, j=interpreted, Vv=VM code, C=native code)
V  [jvm.dll+0x372a8f]
C  0x000001ad9f32dd6d

Java frames: (J=compiled Java code, j=interpreted, Vv=VM code)
j  org.eclipse.jdt.internal.compiler.parser.Scanner.getNextToken0()I+93
j  org.eclipse.jdt.internal.compiler.parser.Scanner.getNextToken()I+47
j  org.eclipse.jdt.internal.compiler.parser.Parser.fetchNextToken()I+4
j  org.eclipse.jdt.internal.compiler.parser.Parser.parse()V+329
j  org.eclipse.jdt.internal.compiler.parser.Parser.parse(Lorg/eclipse/jdt/internal/compiler/env/ICompilationUnit;Lorg/eclipse/jdt/internal/compiler/CompilationResult;II)Lorg/eclipse/jdt/internal/compiler/ast/CompilationUnitDeclaration;+178
j  org.eclipse.jdt.internal.compiler.parser.Parser.parse(Lorg/eclipse/jdt/internal/compiler/env/ICompilationUnit;Lorg/eclipse/jdt/internal/compiler/CompilationResult;)Lorg/eclipse/jdt/internal/compiler/ast/CompilationUnitDeclaration;+5
j  org.eclipse.jdt.internal.compiler.SourceElementParser.parseCompilationUnit(Lorg/eclipse/jdt/internal/compiler/env/ICompilationUnit;ZLorg/eclipse/core/runtime/IProgressMonitor;)Lorg/eclipse/jdt/internal/compiler/ast/CompilationUnitDeclaration;+53
j  org.eclipse.jdt.internal.core.CompilationUnit.buildStructure(Lorg/eclipse/jdt/internal/core/OpenableElementInfo;Lorg/eclipse/core/runtime/IProgressMonitor;Ljava/util/Map;Lorg/eclipse/core/resources/IResource;)Z+523
J 3205 c1 org.eclipse.jdt.internal.core.Openable.generateInfos(Ljava/lang/Object;Ljava/util/HashMap;Lorg/eclipse/core/runtime/IProgressMonitor;)V (281 bytes) @ 0x000001ad9ff343b4 [0x000001ad9ff33e00+0x00000000000005b4]
J 3215 c1 org.eclipse.jdt.internal.core.JavaElement.openWhenClosed(Ljava/lang/Object;ZLorg/eclipse/core/runtime/IProgressMonitor;)Ljava/lang/Object; (169 bytes) @ 0x000001ad9ff3e694 [0x000001ad9ff3e4c0+0x00000000000001d4]
j  org.eclipse.jdt.internal.core.BecomeWorkingCopyOperation.executeOperation()V+29
j  org.eclipse.jdt.internal.core.JavaModelOperation.run(Lorg/eclipse/core/runtime/IProgressMonitor;)V+55
j  org.eclipse.jdt.internal.core.JavaModelOperation.runOperation(Lorg/eclipse/core/runtime/IProgressMonitor;)V+32
j  org.eclipse.jdt.internal.core.CompilationUnit.becomeWorkingCopy(Lorg/eclipse/jdt/core/IProblemRequestor;Lorg/eclipse/core/runtime/IProgressMonitor;)V+37
j  org.eclipse.jdt.internal.core.CompilationUnit.becomeWorkingCopy(Lorg/eclipse/core/runtime/IProgressMonitor;)V+23
j  org.eclipse.jdt.ls.core.internal.handlers.BaseDocumentLifeCycleHandler.handleOpen(Lorg/eclipse/lsp4j/DidOpenTextDocumentParams;)Lorg/eclipse/jdt/core/ICompilationUnit;+144
j  org.eclipse.jdt.ls.core.internal.handlers.BaseDocumentLifeCycleHandler$5.run(Lorg/eclipse/core/runtime/IProgressMonitor;)V+8
j  org.eclipse.core.internal.resources.Workspace.run(Lorg/eclipse/core/runtime/ICoreRunnable;Lorg/eclipse/core/runtime/jobs/ISchedulingRule;ILorg/eclipse/core/runtime/IProgressMonitor;)V+69
j  org.eclipse.core.internal.resources.Workspace.run(Lorg/eclipse/core/resources/IWorkspaceRunnable;Lorg/eclipse/core/runtime/jobs/ISchedulingRule;ILorg/eclipse/core/runtime/IProgressMonitor;)V+6
j  org.eclipse.jdt.ls.core.internal.handlers.BaseDocumentLifeCycleHandler.didOpen(Lorg/eclipse/lsp4j/DidOpenTextDocumentParams;)V+32
j  org.eclipse.jdt.ls.core.internal.syntaxserver.SyntaxLanguageServer.didOpen(Lorg/eclipse/lsp4j/DidOpenTextDocumentParams;)V+11
v  ~StubRoutines::call_stub
j  jdk.internal.reflect.NativeMethodAccessorImpl.invoke0(Ljava/lang/reflect/Method;Ljava/lang/Object;[Ljava/lang/Object;)Ljava/lang/Object;+0 java.base@11.0.12
j  jdk.internal.reflect.NativeMethodAccessorImpl.invoke(Ljava/lang/Object;[Ljava/lang/Object;)Ljava/lang/Object;+100 java.base@11.0.12
J 1145 c1 jdk.internal.reflect.DelegatingMethodAccessorImpl.invoke(Ljava/lang/Object;[Ljava/lang/Object;)Ljava/lang/Object; java.base@11.0.12 (10 bytes) @ 0x000001ad9faaf73c [0x000001ad9faaf640+0x00000000000000fc]
J 1144 c1 java.lang.reflect.Method.invoke(Ljava/lang/Object;[Ljava/lang/Object;)Ljava/lang/Object; java.base@11.0.12 (65 bytes) @ 0x000001ad9faaf1cc [0x000001ad9faaeea0+0x000000000000032c]
j  org.eclipse.lsp4j.jsonrpc.services.GenericEndpoint.lambda$null$0(Lorg/eclipse/lsp4j/jsonrpc/services/AnnotationUtil$MethodInfo;Ljava/lang/Object;Ljava/lang/Object;)Ljava/util/concurrent/CompletableFuture;+20
j  org.eclipse.lsp4j.jsonrpc.services.GenericEndpoint$$Lambda$163.apply(Ljava/lang/Object;)Ljava/lang/Object;+13
j  org.eclipse.lsp4j.jsonrpc.services.GenericEndpoint.notify(Ljava/lang/String;Ljava/lang/Object;)V+18
j  org.eclipse.lsp4j.jsonrpc.RemoteEndpoint.handleNotification(Lorg/eclipse/lsp4j/jsonrpc/messages/NotificationMessage;)V+20
j  org.eclipse.lsp4j.jsonrpc.RemoteEndpoint.consume(Lorg/eclipse/lsp4j/jsonrpc/messages/Message;)V+14
j  org.eclipse.lsp4j.jsonrpc.json.StreamMessageProducer.handleMessage(Ljava/io/InputStream;Lorg/eclipse/lsp4j/jsonrpc/json/StreamMessageProducer$Headers;)Z+99
j  org.eclipse.lsp4j.jsonrpc.json.StreamMessageProducer.listen(Lorg/eclipse/lsp4j/jsonrpc/MessageConsumer;)V+158
j  org.eclipse.lsp4j.jsonrpc.json.ConcurrentMessageProcessor.run()V+12
j  java.util.concurrent.Executors$RunnableAdapter.call()Ljava/lang/Object;+4 java.base@11.0.12
j  java.util.concurrent.FutureTask.run()V+39 java.base@11.0.12
j  java.util.concurrent.ThreadPoolExecutor.runWorker(Ljava/util/concurrent/ThreadPoolExecutor$Worker;)V+92 java.base@11.0.12
j  java.util.concurrent.ThreadPoolExecutor$Worker.run()V+5 java.base@11.0.12
j  java.lang.Thread.run()V+11 java.base@11.0.12
v  ~StubRoutines::call_stub

siginfo: EXCEPTION_ACCESS_VIOLATION (0xc0000005), reading address 0x00000000ec455f2c


Register to memory mapping:

RIP=0x00007ffb5dd02a8f jvm.dll
RAX=0x000000000000000c is an unknown value
RBX=0x00000000ec455f20 is an unallocated location in the heap
RCX=0x0000008af55fd2b0 is pointing into the stack for thread: 0x000001adb3962800
RDX=0x00007ffb5e1f8e98 jvm.dll
RSP=0x0000008af55fd270 is pointing into the stack for thread: 0x000001adb3962800
RBP=0x000001adb3a68530 points into unknown readable memory: 0x0000000000000000 | 00 00 00 00 00 00 00 00
RSI=0x000001adb3b2a160 points into unknown readable memory: 0x0000000000000002 | 02 00 00 00 00 00 00 00
RDI=0x000001adb3962800 is a thread
R8 =0x00000000000000d1 is an unknown value
R9 =0x0000000000000006 is an unknown value
R10=0x000001adb41e8cf0 points into unknown readable memory: 0x0000003c00000005 | 05 00 00 00 3c 00 00 00
R11=0x0000008af55fd260 is pointing into the stack for thread: 0x000001adb3962800
R12=0x00000000000000d1 is an unknown value
R13=0x00000000000003d8 is an unknown value
R14=0x000001adb3a68540 points into unknown readable memory: 0x000001adb3dcd9d4 | d4 d9 dc b3 ad 01 00 00
R15=0x000001adb3a68918 points into unknown readable memory: 0x9000060013be17f2 | f2 17 be 13 00 06 00 90


Registers:
RAX=0x000000000000000c, RBX=0x00000000ec455f20, RCX=0x0000008af55fd2b0, RDX=0x00007ffb5e1f8e98
RSP=0x0000008af55fd270, RBP=0x000001adb3a68530, RSI=0x000001adb3b2a160, RDI=0x000001adb3962800
R8 =0x00000000000000d1, R9 =0x0000000000000006, R10=0x000001adb41e8cf0, R11=0x0000008af55fd260
R12=0x00000000000000d1, R13=0x00000000000003d8, R14=0x000001adb3a68540, R15=0x000001adb3a68918
RIP=0x00007ffb5dd02a8f, EFLAGS=0x0000000000010202

Top of Stack: (sp=0x0000008af55fd270)
0x0000008af55fd270:   000001adbedb7828 00000000ec455f20
0x0000008af55fd280:   000000000000000a 000001adb3962800
0x0000008af55fd290:   000001adbef06488 00007ffb5df62bb0
0x0000008af55fd2a0:   000001adb3962800 000001adb3962800
0x0000008af55fd2b0:   00007ffb5e26bdf0 0000005000000000
0x0000008af55fd2c0:   0000000000000000 0000000000000000
0x0000008af55fd2d0:   0000000000000000 0000000000000000
0x0000008af55fd2e0:   0000000000000000 0000008af55fd301
0x0000008af55fd2f0:   0000000000000000 0000000000000030
0x0000008af55fd300:   000001adbef00000 000001adb3962800
0x0000008af55fd310:   000001adbef06488 000001adb3962800
0x0000008af55fd320:   000001adbfffdcb8 00007ffb5e066485
0x0000008af55fd330:   000000000000000c 000000000000000c
0x0000008af55fd340:   0000ce8c55a96d8b 0000008af55fd348
0x0000008af55fd350:   000001adb3962800 0000008af55fd480
0x0000008af55fd360:   000001adbedb6815 0000000000000000 

Instructions: (pc=0x00007ffb5dd02a8f)
0x00007ffb5dd0298f:   00 00 00 75 1a 8b 83 d8 00 00 00 c1 e8 1d a8 01
0x00007ffb5dd0299f:   75 0d 8b 83 d8 00 00 00 c1 e8 02 a8 01 74 0a b2
0x00007ffb5dd029af:   01 48 8b cb e8 a8 7f 3d 00 48 8b 9c 24 80 00 00
0x00007ffb5dd029bf:   00 48 83 c4 40 41 5f 41 5e 5f 5e 5d c3 cc cc cc
0x00007ffb5dd029cf:   cc 4c 8b dc 57 48 81 ec 10 01 00 00 48 8b 05 26
0x00007ffb5dd029df:   e5 6d 00 48 33 c4 48 89 84 24 d0 00 00 00 49 89
0x00007ffb5dd029ef:   5b 20 48 8b f9 49 89 73 e8 48 8b da 4d 89 63 e0
0x00007ffb5dd029ff:   ba 03 00 00 00 45 8b e0 48 89 4c 24 30 4c 8b c1
0x00007ffb5dd02a0f:   c7 81 c0 03 00 00 06 00 00 00 e8 42 da ff ff 48
0x00007ffb5dd02a1f:   83 7f 08 00 0f 85 ed 00 00 00 48 8b b7 78 02 00
0x00007ffb5dd02a2f:   00 48 8d 4c 24 40 48 89 ac 24 08 01 00 00 33 d2
0x00007ffb5dd02a3f:   4c 89 ac 24 f0 00 00 00 4c 89 b4 24 e8 00 00 00
0x00007ffb5dd02a4f:   48 8b 6e 10 4c 8b 76 18 4c 8b 6e 28 4c 89 bc 24
0x00007ffb5dd02a5f:   e0 00 00 00 4c 8b 7e 20 e8 b4 fc 28 00 80 3d ee
0x00007ffb5dd02a6f:   11 71 00 00 48 8d 15 1e 64 4f 00 b9 0c 00 00 00
0x00007ffb5dd02a7f:   b8 10 00 00 00 0f 45 c1 45 8b c4 48 8d 4c 24 40
0x00007ffb5dd02a8f:   44 8b 0c 18 e8 f8 13 29 00 48 8b 1d 81 86 74 00
0x00007ffb5dd02a9f:   48 8d 4c 24 40 e8 37 04 29 00 4c 8b cb 48 89 44
0x00007ffb5dd02aaf:   24 20 41 b8 bc 01 00 00 48 8d 15 d2 d1 52 00 48
0x00007ffb5dd02abf:   8b cf e8 3a 7d f5 ff 48 8d 4c 24 40 e8 a0 fd 28
0x00007ffb5dd02acf:   00 48 83 7d 00 00 74 13 49 8b d5 48 8b ce e8 0e
0x00007ffb5dd02adf:   ff d4 ff 48 8b cd e8 76 fe d4 ff 4c 8b ac 24 f0
0x00007ffb5dd02aef:   00 00 00 48 89 6e 10 48 8b ac 24 08 01 00 00 4c
0x00007ffb5dd02aff:   89 76 18 4c 8b b4 24 e8 00 00 00 4c 89 7e 20 4c
0x00007ffb5dd02b0f:   8b bc 24 e0 00 00 00 48 8b 9f f0 00 00 00 4c 8b
0x00007ffb5dd02b1f:   a4 24 f8 00 00 00 48 8b 43 10 48 8b 73 08 48 83
0x00007ffb5dd02b2f:   38 00 74 19 48 8b 53 28 48 8b ce e8 b1 fe d4 ff
0x00007ffb5dd02b3f:   48 8b 4b 10 e8 18 fe d4 ff 48 8b 43 10 48 89 46
0x00007ffb5dd02b4f:   10 48 8b 43 18 48 89 46 18 48 8b 43 20 48 8b 9c
0x00007ffb5dd02b5f:   24 38 01 00 00 48 89 46 20 83 bf 08 04 00 00 02
0x00007ffb5dd02b6f:   48 8b b4 24 00 01 00 00 75 08 48 8b cf e8 9f 72
0x00007ffb5dd02b7f:   3d 00 ba 06 00 00 00 48 8d 4c 24 30 44 8d 42 02 


Stack slot to memory mapping:
stack at sp + 0 slots: {method} {0x000001adbedb7830} 'getNextToken0' '()I' in 'org/eclipse/jdt/internal/compiler/parser/Scanner'
stack at sp + 1 slots: 0x00000000ec455f20 is an unallocated location in the heap
stack at sp + 2 slots: 0x000000000000000a is an unknown value
stack at sp + 3 slots: 0x000001adb3962800 is a thread
stack at sp + 4 slots: {method} {0x000001adbef06490} 'consumeClassBodyDeclarationsopt' '()V' in 'org/eclipse/jdt/internal/compiler/parser/Parser'
stack at sp + 5 slots: 0x00007ffb5df62bb0 jvm.dll
stack at sp + 6 slots: 0x000001adb3962800 is a thread
stack at sp + 7 slots: 0x000001adb3962800 is a thread


---------------  P R O C E S S  ---------------

Threads class SMR info:
_java_thread_list=0x000001adb41e8d20, length=19, elements={
0x000001ad95413800, 0x000001adb1458800, 0x000001adb145a800, 0x000001adb250b000,
0x000001adb250c000, 0x000001adb250d000, 0x000001adb250e000, 0x000001adb2510000,
0x000001adb2512000, 0x000001adb2679000, 0x000001adb3ac1000, 0x000001adb3a5b000,
0x000001adb3a5c000, 0x000001adb3bfa000, 0x000001adb3cef800, 0x000001adb4479000,
0x000001adb456a800, 0x000001adb455f800, 0x000001adb3962800
}

Java Threads: ( => current thread )
  0x000001ad95413800 JavaThread "main" [_thread_blocked, id=12920, stack(0x0000008af3900000,0x0000008af3a00000)]
  0x000001adb1458800 JavaThread "Reference Handler" daemon [_thread_blocked, id=17920, stack(0x0000008af3c00000,0x0000008af3d00000)]
  0x000001adb145a800 JavaThread "Finalizer" daemon [_thread_blocked, id=7988, stack(0x0000008af3d00000,0x0000008af3e00000)]
  0x000001adb250b000 JavaThread "Signal Dispatcher" daemon [_thread_blocked, id=17560, stack(0x0000008af3e00000,0x0000008af3f00000)]
  0x000001adb250c000 JavaThread "Attach Listener" daemon [_thread_blocked, id=15280, stack(0x0000008af3f00000,0x0000008af4000000)]
  0x000001adb250d000 JavaThread "Service Thread" daemon [_thread_blocked, id=13512, stack(0x0000008af4000000,0x0000008af4100000)]
  0x000001adb250e000 JavaThread "C2 CompilerThread0" daemon [_thread_blocked, id=11120, stack(0x0000008af4100000,0x0000008af4200000)]
  0x000001adb2510000 JavaThread "C1 CompilerThread0" daemon [_thread_blocked, id=4636, stack(0x0000008af4200000,0x0000008af4300000)]
  0x000001adb2512000 JavaThread "Sweeper thread" daemon [_thread_blocked, id=10356, stack(0x0000008af4300000,0x0000008af4400000)]
  0x000001adb2679000 JavaThread "Common-Cleaner" daemon [_thread_blocked, id=16584, stack(0x0000008af4400000,0x0000008af4500000)]
  0x000001adb3ac1000 JavaThread "Active Thread: Equinox Container: 0b8ee23f-39d5-4c8a-8e34-ff279773edb8" [_thread_blocked, id=11796, stack(0x0000008af4700000,0x0000008af4800000)]
  0x000001adb3a5b000 JavaThread "Framework Event Dispatcher: Equinox Container: 0b8ee23f-39d5-4c8a-8e34-ff279773edb8" daemon [_thread_blocked, id=10292, stack(0x0000008af4800000,0x0000008af4900000)]
  0x000001adb3a5c000 JavaThread "Start Level: Equinox Container: 0b8ee23f-39d5-4c8a-8e34-ff279773edb8" daemon [_thread_blocked, id=13984, stack(0x0000008af4900000,0x0000008af4a00000)]
  0x000001adb3bfa000 JavaThread "SCR Component Actor" daemon [_thread_blocked, id=7212, stack(0x0000008af4c00000,0x0000008af4d00000)]
  0x000001adb3cef800 JavaThread "Timer-0" daemon [_thread_blocked, id=16560, stack(0x0000008af4d00000,0x0000008af4e00000)]
  0x000001adb4479000 JavaThread "Worker-JM" [_thread_blocked, id=9172, stack(0x0000008af4e00000,0x0000008af4f00000)]
  0x000001adb456a800 JavaThread "Worker-0" [_thread_blocked, id=17940, stack(0x0000008af5100000,0x0000008af5200000)]
  0x000001adb455f800 JavaThread "Worker-1" [_thread_blocked, id=7396, stack(0x0000008af5200000,0x0000008af5300000)]
=>0x000001adb3962800 JavaThread "pool-1-thread-1" [_thread_in_vm, id=18240, stack(0x0000008af5500000,0x0000008af5600000)]

Other Threads:
  0x000001adb1454800 VMThread "VM Thread" [stack: 0x0000008af3b00000,0x0000008af3c00000] [id=5748]
  0x000001adb2802000 WatcherThread [stack: 0x0000008af4500000,0x0000008af4600000] [id=3840]
  0x000001ad9542a000 GCTaskThread "ParGC Thread#0" [stack: 0x0000008af3a00000,0x0000008af3b00000] [id=17556]
  0x000001adb285c000 GCTaskThread "ParGC Thread#1" [stack: 0x0000008af4600000,0x0000008af4700000] [id=6472]
  0x000001adb3c37800 GCTaskThread "ParGC Thread#2" [stack: 0x0000008af4a00000,0x0000008af4b00000] [id=16076]
  0x000001adb3c31000 GCTaskThread "ParGC Thread#3" [stack: 0x0000008af4b00000,0x0000008af4c00000] [id=16600]
  0x000001adb442d000 GCTaskThread "ParGC Thread#4" [stack: 0x0000008af4f00000,0x0000008af5000000] [id=16892]
  0x000001adb442e000 GCTaskThread "ParGC Thread#5" [stack: 0x0000008af5000000,0x0000008af5100000] [id=18008]
  0x000001adb46a3800 GCTaskThread "ParGC Thread#6" [stack: 0x0000008af5300000,0x0000008af5400000] [id=7272]
  0x000001adb45fa000 GCTaskThread "ParGC Thread#7" [stack: 0x0000008af5400000,0x0000008af5500000] [id=15424]

Threads with active compile tasks:

VM state:not at safepoint (normal execution)

VM Mutex/Monitor currently owned by a thread: None

Heap address: 0x00000000c0000000, size: 1024 MB, Compressed Oops mode: 32-bit
Narrow klass base: 0x0000000000000000, Narrow klass shift: 3
Compressed class space size: 1073741824 Address: 0x0000000100000000

Heap:
 PSYoungGen      total 22528K, used 0K [0x00000000eab00000, 0x00000000ec400000, 0x0000000100000000)
  eden space 22016K, 0% used [0x00000000eab00000,0x00000000eab00000,0x00000000ec080000)
  from space 512K, 0% used [0x00000000ec180000,0x00000000ec180000,0x00000000ec200000)
  to   space 1024K, 0% used [0x00000000ec300000,0x00000000ec300000,0x00000000ec400000)
 ParOldGen       total 68608K, used 24732K [0x00000000c0000000, 0x00000000c4300000, 0x00000000eab00000)
  object space 68608K, 36% used [0x00000000c0000000,0x00000000c1827330,0x00000000c4300000)
 Metaspace       used 33262K, capacity 35249K, committed 35416K, reserved 1081344K
  class space    used 3146K, capacity 3881K, committed 3968K, reserved 1048576K

Card table byte_map: [0x000001adae500000,0x000001adae710000] _byte_map_base: 0x000001adadf00000

Marking Bits: (ParMarkBitMap*) 0x00007ffb5e42bcf0
 Begin Bits: [0x000001adae870000, 0x000001adaf870000)
 End Bits:   [0x000001adaf870000, 0x000001adb0870000)

Polling page: 0x000001ad952a0000

Metaspace:

Usage:
  Non-class:     30.63 MB capacity,    29.41 MB ( 96%) used,     1.15 MB (  4%) free+waste,    72.00 KB ( <1%) overhead. 
      Class:      3.79 MB capacity,     3.07 MB ( 81%) used,   699.81 KB ( 18%) free+waste,    34.75 KB ( <1%) overhead. 
       Both:     34.42 MB capacity,    32.48 MB ( 94%) used,     1.84 MB (  5%) free+waste,   106.75 KB ( <1%) overhead. 

Virtual space:
  Non-class space:       32.00 MB reserved,      30.71 MB ( 96%) committed 
      Class space:        1.00 GB reserved,       3.88 MB ( <1%) committed 
             Both:        1.03 GB reserved,      34.59 MB (  3%) committed 

Chunk freelists:
   Non-Class:  56.00 KB
       Class:  23.00 KB
        Both:  79.00 KB

MaxMetaspaceSize: 17179869184.00 GB
CompressedClassSpaceSize: 1.00 GB
Initial GC threshold: 20.80 MB
Current GC threshold: 57.64 MB
CDS: off

CodeHeap 'non-profiled nmethods': size=120000Kb used=1351Kb max_used=1351Kb free=118649Kb
 bounds [0x000001ada6df0000, 0x000001ada7060000, 0x000001adae320000]
CodeHeap 'profiled nmethods': size=120000Kb used=7105Kb max_used=7105Kb free=112894Kb
 bounds [0x000001ad9f8c0000, 0x000001ad9ffc0000, 0x000001ada6df0000]
CodeHeap 'non-nmethods': size=5760Kb used=1260Kb max_used=1290Kb free=4499Kb
 bounds [0x000001ad9f320000, 0x000001ad9f590000, 0x000001ad9f8c0000]
 total_blobs=3868 nmethods=3326 adapters=456
 compilation: enabled
              stopped_count=0, restarted_count=0
 full_count=0

Compilation events (20 events):
Event: 8.869 Thread 0x000001adb2510000 3368       2       org.objectweb.asm.MethodWriter::visitLineNumber (50 bytes)
Event: 8.870 Thread 0x000001adb2510000 nmethod 3368 0x000001ad9ffa6510 code [0x000001ad9ffa66e0, 0x000001ad9ffa6998]
Event: 8.870 Thread 0x000001adb2510000 3367       2       org.objectweb.asm.MethodVisitor::visitFieldInsn (20 bytes)
Event: 8.870 Thread 0x000001adb2510000 nmethod 3367 0x000001ad9ffa6b10 code [0x000001ad9ffa6cc0, 0x000001ad9ffa6de8]
Event: 8.870 Thread 0x000001adb2510000 3370       2       java.util.regex.Pattern$GroupTail::match (111 bytes)
Event: 8.870 Thread 0x000001adb2510000 nmethod 3370 0x000001ad9ffa6e90 code [0x000001ad9ffa7060, 0x000001ad9ffa72e8]
Event: 8.871 Thread 0x000001adb2510000 3366       2       org.objectweb.asm.ClassReader::createLabel (21 bytes)
Event: 8.871 Thread 0x000001adb2510000 nmethod 3366 0x000001ad9ffa7510 code [0x000001ad9ffa76c0, 0x000001ad9ffa78f8]
Event: 8.871 Thread 0x000001adb2510000 3369       2       java.lang.String::split (7 bytes)
Event: 8.871 Thread 0x000001adb2510000 nmethod 3369 0x000001ad9ffa7a90 code [0x000001ad9ffa7c40, 0x000001ad9ffa7d48]
Event: 8.889 Thread 0x000001adb2510000 3371       2       org.objectweb.asm.SymbolTable::put (150 bytes)
Event: 8.889 Thread 0x000001adb2510000 nmethod 3371 0x000001ad9ffa7e10 code [0x000001ad9ffa7fe0, 0x000001ad9ffa84b8]
Event: 8.889 Thread 0x000001adb2510000 3372       2       java.util.regex.Pattern$BranchConn::match (11 bytes)
Event: 8.889 Thread 0x000001adb2510000 nmethod 3372 0x000001ad9ffa8790 code [0x000001ad9ffa8940, 0x000001ad9ffa8a68]
Event: 8.889 Thread 0x000001adb2510000 3373   !   2       java.util.regex.Pattern::matcher (44 bytes)
Event: 8.890 Thread 0x000001adb2510000 nmethod 3373 0x000001ad9ffa8b10 code [0x000001ad9ffa8ce0, 0x000001ad9ffa9058]
Event: 8.891 Thread 0x000001adb2510000 3374       2       java.util.regex.Matcher::match (154 bytes)
Event: 8.892 Thread 0x000001adb2510000 nmethod 3374 0x000001ad9ffa9190 code [0x000001ad9ffa9360, 0x000001ad9ffa9708]
Event: 8.893 Thread 0x000001adb2510000 3375       2       java.net.URLStreamHandler::parseURL (1201 bytes)
Event: 8.907 Thread 0x000001adb2510000 nmethod 3375 0x000001ad9ffa9990 code [0x000001ad9ffaa240, 0x000001ad9ffada88]

GC Heap History (20 events):
Event: 7.811 GC heap before
{Heap before GC invocations=8 (full 1):
 PSYoungGen      total 26624K, used 26619K [0x00000000eab00000, 0x00000000eca00000, 0x0000000100000000)
  eden space 24064K, 100% used [0x00000000eab00000,0x00000000ec280000,0x00000000ec280000)
  from space 2560K, 99% used [0x00000000ec600000,0x00000000ec87ec98,0x00000000ec880000)
  to   space 3584K, 0% used [0x00000000ec280000,0x00000000ec280000,0x00000000ec600000)
 ParOldGen       total 68608K, used 6499K [0x00000000c0000000, 0x00000000c4300000, 0x00000000eab00000)
  object space 68608K, 9% used [0x00000000c0000000,0x00000000c0658c28,0x00000000c4300000)
 Metaspace       used 30769K, capacity 32763K, committed 32896K, reserved 1079296K
  class space    used 2949K, capacity 3670K, committed 3712K, reserved 1048576K
}
Event: 7.817 GC heap after
{Heap after GC invocations=8 (full 1):
 PSYoungGen      total 27136K, used 3571K [0x00000000eab00000, 0x00000000ecc00000, 0x0000000100000000)
  eden space 23552K, 0% used [0x00000000eab00000,0x00000000eab00000,0x00000000ec200000)
  from space 3584K, 99% used [0x00000000ec280000,0x00000000ec5fce08,0x00000000ec600000)
  to   space 5120K, 0% used [0x00000000ec700000,0x00000000ec700000,0x00000000ecc00000)
 ParOldGen       total 68608K, used 7251K [0x00000000c0000000, 0x00000000c4300000, 0x00000000eab00000)
  object space 68608K, 10% used [0x00000000c0000000,0x00000000c0714c38,0x00000000c4300000)
 Metaspace       used 30769K, capacity 32763K, committed 32896K, reserved 1079296K
  class space    used 2949K, capacity 3670K, committed 3712K, reserved 1048576K
}
Event: 7.966 GC heap before
{Heap before GC invocations=9 (full 1):
 PSYoungGen      total 27136K, used 27123K [0x00000000eab00000, 0x00000000ecc00000, 0x0000000100000000)
  eden space 23552K, 100% used [0x00000000eab00000,0x00000000ec200000,0x00000000ec200000)
  from space 3584K, 99% used [0x00000000ec280000,0x00000000ec5fce08,0x00000000ec600000)
  to   space 5120K, 0% used [0x00000000ec700000,0x00000000ec700000,0x00000000ecc00000)
 ParOldGen       total 68608K, used 7251K [0x00000000c0000000, 0x00000000c4300000, 0x00000000eab00000)
  object space 68608K, 10% used [0x00000000c0000000,0x00000000c0714c38,0x00000000c4300000)
 Metaspace       used 31106K, capacity 33081K, committed 33152K, reserved 1079296K
  class space    used 2994K, capacity 3712K, committed 3712K, reserved 1048576K
}
Event: 7.973 GC heap after
{Heap after GC invocations=9 (full 1):
 PSYoungGen      total 27648K, used 5114K [0x00000000eab00000, 0x00000000ecd80000, 0x0000000100000000)
  eden space 22528K, 0% used [0x00000000eab00000,0x00000000eab00000,0x00000000ec100000)
  from space 5120K, 99% used [0x00000000ec700000,0x00000000ecbfe920,0x00000000ecc00000)
  to   space 6144K, 0% used [0x00000000ec100000,0x00000000ec100000,0x00000000ec700000)
 ParOldGen       total 68608K, used 7627K [0x00000000c0000000, 0x00000000c4300000, 0x00000000eab00000)
  object space 68608K, 11% used [0x00000000c0000000,0x00000000c0772c38,0x00000000c4300000)
 Metaspace       used 31106K, capacity 33081K, committed 33152K, reserved 1079296K
  class space    used 2994K, capacity 3712K, committed 3712K, reserved 1048576K
}
Event: 8.066 GC heap before
{Heap before GC invocations=10 (full 1):
 PSYoungGen      total 27648K, used 27642K [0x00000000eab00000, 0x00000000ecd80000, 0x0000000100000000)
  eden space 22528K, 100% used [0x00000000eab00000,0x00000000ec100000,0x00000000ec100000)
  from space 5120K, 99% used [0x00000000ec700000,0x00000000ecbfe920,0x00000000ecc00000)
  to   space 6144K, 0% used [0x00000000ec100000,0x00000000ec100000,0x00000000ec700000)
 ParOldGen       total 68608K, used 7627K [0x00000000c0000000, 0x00000000c4300000, 0x00000000eab00000)
  object space 68608K, 11% used [0x00000000c0000000,0x00000000c0772c38,0x00000000c4300000)
 Metaspace       used 31146K, capacity 33145K, committed 33152K, reserved 1079296K
  class space    used 2996K, capacity 3712K, committed 3712K, reserved 1048576K
}
Event: 8.075 GC heap after
{Heap after GC invocations=10 (full 1):
 PSYoungGen      total 27136K, used 5024K [0x00000000eab00000, 0x00000000ecb80000, 0x0000000100000000)
  eden space 22016K, 0% used [0x00000000eab00000,0x00000000eab00000,0x00000000ec080000)
  from space 5120K, 98% used [0x00000000ec100000,0x00000000ec5e8100,0x00000000ec600000)
  to   space 5632K, 0% used [0x00000000ec600000,0x00000000ec600000,0x00000000ecb80000)
 ParOldGen       total 68608K, used 9672K [0x00000000c0000000, 0x00000000c4300000, 0x00000000eab00000)
  object space 68608K, 14% used [0x00000000c0000000,0x00000000c0972148,0x00000000c4300000)
 Metaspace       used 31146K, capacity 33145K, committed 33152K, reserved 1079296K
  class space    used 2996K, capacity 3712K, committed 3712K, reserved 1048576K
}
Event: 8.155 GC heap before
{Heap before GC invocations=11 (full 1):
 PSYoungGen      total 27136K, used 27040K [0x00000000eab00000, 0x00000000ecb80000, 0x0000000100000000)
  eden space 22016K, 100% used [0x00000000eab00000,0x00000000ec080000,0x00000000ec080000)
  from space 5120K, 98% used [0x00000000ec100000,0x00000000ec5e8100,0x00000000ec600000)
  to   space 5632K, 0% used [0x00000000ec600000,0x00000000ec600000,0x00000000ecb80000)
 ParOldGen       total 68608K, used 9672K [0x00000000c0000000, 0x00000000c4300000, 0x00000000eab00000)
  object space 68608K, 14% used [0x00000000c0000000,0x00000000c0972148,0x00000000c4300000)
 Metaspace       used 31242K, capacity 33209K, committed 33408K, reserved 1079296K
  class space    used 3000K, capacity 3712K, committed 3712K, reserved 1048576K
}
Event: 8.164 GC heap after
{Heap after GC invocations=11 (full 1):
 PSYoungGen      total 26624K, used 4114K [0x00000000eab00000, 0x00000000eca80000, 0x0000000100000000)
  eden space 22016K, 0% used [0x00000000eab00000,0x00000000eab00000,0x00000000ec080000)
  from space 4608K, 89% used [0x00000000ec600000,0x00000000eca04b28,0x00000000eca80000)
  to   space 4608K, 0% used [0x00000000ec180000,0x00000000ec180000,0x00000000ec600000)
 ParOldGen       total 68608K, used 12663K [0x00000000c0000000, 0x00000000c4300000, 0x00000000eab00000)
  object space 68608K, 18% used [0x00000000c0000000,0x00000000c0c5dd18,0x00000000c4300000)
 Metaspace       used 31242K, capacity 33209K, committed 33408K, reserved 1079296K
  class space    used 3000K, capacity 3712K, committed 3712K, reserved 1048576K
}
Event: 8.234 GC heap before
{Heap before GC invocations=12 (full 1):
 PSYoungGen      total 26624K, used 26130K [0x00000000eab00000, 0x00000000eca80000, 0x0000000100000000)
  eden space 22016K, 100% used [0x00000000eab00000,0x00000000ec080000,0x00000000ec080000)
  from space 4608K, 89% used [0x00000000ec600000,0x00000000eca04b28,0x00000000eca80000)
  to   space 4608K, 0% used [0x00000000ec180000,0x00000000ec180000,0x00000000ec600000)
 ParOldGen       total 68608K, used 12663K [0x00000000c0000000, 0x00000000c4300000, 0x00000000eab00000)
  object space 68608K, 18% used [0x00000000c0000000,0x00000000c0c5dd18,0x00000000c4300000)
 Metaspace       used 31326K, capacity 33273K, committed 33408K, reserved 1079296K
  class space    used 3009K, capacity 3712K, committed 3712K, reserved 1048576K
}
Event: 8.241 GC heap after
{Heap after GC invocations=12 (full 1):
 PSYoungGen      total 25088K, used 2624K [0x00000000eab00000, 0x00000000ec780000, 0x0000000100000000)
  eden space 22016K, 0% used [0x00000000eab00000,0x00000000eab00000,0x00000000ec080000)
  from space 3072K, 85% used [0x00000000ec180000,0x00000000ec410010,0x00000000ec480000)
  to   space 3072K, 0% used [0x00000000ec480000,0x00000000ec480000,0x00000000ec780000)
 ParOldGen       total 68608K, used 16666K [0x00000000c0000000, 0x00000000c4300000, 0x00000000eab00000)
  object space 68608K, 24% used [0x00000000c0000000,0x00000000c1046840,0x00000000c4300000)
 Metaspace       used 31326K, capacity 33273K, committed 33408K, reserved 1079296K
  class space    used 3009K, capacity 3712K, committed 3712K, reserved 1048576K
}
Event: 8.309 GC heap before
{Heap before GC invocations=13 (full 1):
 PSYoungGen      total 25088K, used 24640K [0x00000000eab00000, 0x00000000ec780000, 0x0000000100000000)
  eden space 22016K, 100% used [0x00000000eab00000,0x00000000ec080000,0x00000000ec080000)
  from space 3072K, 85% used [0x00000000ec180000,0x00000000ec410010,0x00000000ec480000)
  to   space 3072K, 0% used [0x00000000ec480000,0x00000000ec480000,0x00000000ec780000)
 ParOldGen       total 68608K, used 16666K [0x00000000c0000000, 0x00000000c4300000, 0x00000000eab00000)
  object space 68608K, 24% used [0x00000000c0000000,0x00000000c1046840,0x00000000c4300000)
 Metaspace       used 31326K, capacity 33273K, committed 33408K, reserved 1079296K
  class space    used 3009K, capacity 3712K, committed 3712K, reserved 1048576K
}
Event: 8.315 GC heap after
{Heap after GC invocations=13 (full 1):
 PSYoungGen      total 25088K, used 2592K [0x00000000eab00000, 0x00000000ec780000, 0x0000000100000000)
  eden space 22016K, 0% used [0x00000000eab00000,0x00000000eab00000,0x00000000ec080000)
  from space 3072K, 84% used [0x00000000ec480000,0x00000000ec708010,0x00000000ec780000)
  to   space 3072K, 0% used [0x00000000ec180000,0x00000000ec180000,0x00000000ec480000)
 ParOldGen       total 68608K, used 19242K [0x00000000c0000000, 0x00000000c4300000, 0x00000000eab00000)
  object space 68608K, 28% used [0x00000000c0000000,0x00000000c12ca8e8,0x00000000c4300000)
 Metaspace       used 31326K, capacity 33273K, committed 33408K, reserved 1079296K
  class space    used 3009K, capacity 3712K, committed 3712K, reserved 1048576K
}
Event: 8.392 GC heap before
{Heap before GC invocations=14 (full 1):
 PSYoungGen      total 25088K, used 24608K [0x00000000eab00000, 0x00000000ec780000, 0x0000000100000000)
  eden space 22016K, 100% used [0x00000000eab00000,0x00000000ec080000,0x00000000ec080000)
  from space 3072K, 84% used [0x00000000ec480000,0x00000000ec708010,0x00000000ec780000)
  to   space 3072K, 0% used [0x00000000ec180000,0x00000000ec180000,0x00000000ec480000)
 ParOldGen       total 68608K, used 19242K [0x00000000c0000000, 0x00000000c4300000, 0x00000000eab00000)
  object space 68608K, 28% used [0x00000000c0000000,0x00000000c12ca8e8,0x00000000c4300000)
 Metaspace       used 31326K, capacity 33273K, committed 33408K, reserved 1079296K
  class space    used 3009K, capacity 3712K, committed 3712K, reserved 1048576K
}
Event: 8.398 GC heap after
{Heap after GC invocations=14 (full 1):
 PSYoungGen      total 24064K, used 2048K [0x00000000eab00000, 0x00000000ec580000, 0x0000000100000000)
  eden space 22016K, 0% used [0x00000000eab00000,0x00000000eab00000,0x00000000ec080000)
  from space 2048K, 100% used [0x00000000ec180000,0x00000000ec380000,0x00000000ec380000)
  to   space 2048K, 0% used [0x00000000ec380000,0x00000000ec380000,0x00000000ec580000)
 ParOldGen       total 68608K, used 21728K [0x00000000c0000000, 0x00000000c4300000, 0x00000000eab00000)
  object space 68608K, 31% used [0x00000000c0000000,0x00000000c1538178,0x00000000c4300000)
 Metaspace       used 31326K, capacity 33273K, committed 33408K, reserved 1079296K
  class space    used 3009K, capacity 3712K, committed 3712K, reserved 1048576K
}
Event: 8.874 GC heap before
{Heap before GC invocations=15 (full 1):
 PSYoungGen      total 24064K, used 24063K [0x00000000eab00000, 0x00000000ec580000, 0x0000000100000000)
  eden space 22016K, 99% used [0x00000000eab00000,0x00000000ec07ffd8,0x00000000ec080000)
  from space 2048K, 100% used [0x00000000ec180000,0x00000000ec380000,0x00000000ec380000)
  to   space 2048K, 0% used [0x00000000ec380000,0x00000000ec380000,0x00000000ec580000)
 ParOldGen       total 68608K, used 21728K [0x00000000c0000000, 0x00000000c4300000, 0x00000000eab00000)
  object space 68608K, 31% used [0x00000000c0000000,0x00000000c1538178,0x00000000c4300000)
 Metaspace       used 32916K, capacity 34897K, committed 35200K, reserved 1081344K
  class space    used 3109K, capacity 3849K, committed 3968K, reserved 1048576K
}
Event: 8.879 GC heap after
{Heap after GC invocations=15 (full 1):
 PSYoungGen      total 24064K, used 1790K [0x00000000eab00000, 0x00000000ec580000, 0x0000000100000000)
  eden space 22016K, 0% used [0x00000000eab00000,0x00000000eab00000,0x00000000ec080000)
  from space 2048K, 87% used [0x00000000ec380000,0x00000000ec53f830,0x00000000ec580000)
  to   space 2048K, 0% used [0x00000000ec180000,0x00000000ec180000,0x00000000ec380000)
 ParOldGen       total 68608K, used 23717K [0x00000000c0000000, 0x00000000c4300000, 0x00000000eab00000)
  object space 68608K, 34% used [0x00000000c0000000,0x00000000c17294d0,0x00000000c4300000)
 Metaspace       used 32916K, capacity 34897K, committed 35200K, reserved 1081344K
  class space    used 3109K, capacity 3849K, committed 3968K, reserved 1048576K
}
Event: 8.911 GC heap before
{Heap before GC invocations=16 (full 1):
 PSYoungGen      total 24064K, used 3922K [0x00000000eab00000, 0x00000000ec580000, 0x0000000100000000)
  eden space 22016K, 9% used [0x00000000eab00000,0x00000000ead152b8,0x00000000ec080000)
  from space 2048K, 87% used [0x00000000ec380000,0x00000000ec53f830,0x00000000ec580000)
  to   space 2048K, 0% used [0x00000000ec180000,0x00000000ec180000,0x00000000ec380000)
 ParOldGen       total 68608K, used 23717K [0x00000000c0000000, 0x00000000c4300000, 0x00000000eab00000)
  object space 68608K, 34% used [0x00000000c0000000,0x00000000c17294d0,0x00000000c4300000)
 Metaspace       used 33262K, capacity 35249K, committed 35416K, reserved 1081344K
  class space    used 3146K, capacity 3881K, committed 3968K, reserved 1048576K
}
Event: 8.915 GC heap after
{Heap after GC invocations=16 (full 1):
 PSYoungGen      total 22528K, used 96K [0x00000000eab00000, 0x00000000ec400000, 0x0000000100000000)
  eden space 22016K, 0% used [0x00000000eab00000,0x00000000eab00000,0x00000000ec080000)
  from space 512K, 18% used [0x00000000ec180000,0x00000000ec198000,0x00000000ec200000)
  to   space 1024K, 0% used [0x00000000ec300000,0x00000000ec300000,0x00000000ec400000)
 ParOldGen       total 68608K, used 25328K [0x00000000c0000000, 0x00000000c4300000, 0x00000000eab00000)
  object space 68608K, 36% used [0x00000000c0000000,0x00000000c18bc0e8,0x00000000c4300000)
 Metaspace       used 33262K, capacity 35249K, committed 35416K, reserved 1081344K
  class space    used 3146K, capacity 3881K, committed 3968K, reserved 1048576K
}
Event: 8.915 GC heap before
{Heap before GC invocations=17 (full 2):
 PSYoungGen      total 22528K, used 96K [0x00000000eab00000, 0x00000000ec400000, 0x0000000100000000)
  eden space 22016K, 0% used [0x00000000eab00000,0x00000000eab00000,0x00000000ec080000)
  from space 512K, 18% used [0x00000000ec180000,0x00000000ec198000,0x00000000ec200000)
  to   space 1024K, 0% used [0x00000000ec300000,0x00000000ec300000,0x00000000ec400000)
 ParOldGen       total 68608K, used 25328K [0x00000000c0000000, 0x00000000c4300000, 0x00000000eab00000)
  object space 68608K, 36% used [0x00000000c0000000,0x00000000c18bc0e8,0x00000000c4300000)
 Metaspace       used 33262K, capacity 35249K, committed 35416K, reserved 1081344K
  class space    used 3146K, capacity 3881K, committed 3968K, reserved 1048576K
}
Event: 9.098 GC heap after
{Heap after GC invocations=17 (full 2):
 PSYoungGen      total 22528K, used 0K [0x00000000eab00000, 0x00000000ec400000, 0x0000000100000000)
  eden space 22016K, 0% used [0x00000000eab00000,0x00000000eab00000,0x00000000ec080000)
  from space 512K, 0% used [0x00000000ec180000,0x00000000ec180000,0x00000000ec200000)
  to   space 1024K, 0% used [0x00000000ec300000,0x00000000ec300000,0x00000000ec400000)
 ParOldGen       total 68608K, used 24732K [0x00000000c0000000, 0x00000000c4300000, 0x00000000eab00000)
  object space 68608K, 36% used [0x00000000c0000000,0x00000000c1827330,0x00000000c4300000)
 Metaspace       used 33262K, capacity 35249K, committed 35416K, reserved 1081344K
  class space    used 3146K, capacity 3881K, committed 3968K, reserved 1048576K
}

Deoptimization events (20 events):
Event: 8.550 Thread 0x000001adb3962800 DEOPT PACKING pc=0x000001ad9fe0fcce sp=0x0000008af55fcd00
Event: 8.550 Thread 0x000001adb3962800 DEOPT UNPACKING pc=0x000001ad9f36a95e sp=0x0000008af55fc1e0 mode 0
Event: 8.550 Thread 0x000001adb3962800 DEOPT PACKING pc=0x000001ad9fe0fcce sp=0x0000008af55fcd00
Event: 8.550 Thread 0x000001adb3962800 DEOPT UNPACKING pc=0x000001ad9f36a95e sp=0x0000008af55fc1e0 mode 0
Event: 8.552 Thread 0x000001adb3962800 DEOPT PACKING pc=0x000001ad9fe0fcce sp=0x0000008af55fcd00
Event: 8.552 Thread 0x000001adb3962800 DEOPT UNPACKING pc=0x000001ad9f36a95e sp=0x0000008af55fc1e0 mode 0
Event: 8.552 Thread 0x000001adb3962800 DEOPT PACKING pc=0x000001ad9fe0fcce sp=0x0000008af55fcd00
Event: 8.552 Thread 0x000001adb3962800 DEOPT UNPACKING pc=0x000001ad9f36a95e sp=0x0000008af55fc1e0 mode 0
Event: 8.553 Thread 0x000001adb3962800 DEOPT PACKING pc=0x000001ad9fe0fcce sp=0x0000008af55fcce0
Event: 8.553 Thread 0x000001adb3962800 DEOPT UNPACKING pc=0x000001ad9f36a95e sp=0x0000008af55fc1b8 mode 0
Event: 8.553 Thread 0x000001adb3962800 DEOPT PACKING pc=0x000001ad9fe0fcce sp=0x0000008af55fcce0
Event: 8.553 Thread 0x000001adb3962800 DEOPT UNPACKING pc=0x000001ad9f36a95e sp=0x0000008af55fc1b8 mode 0
Event: 8.554 Thread 0x000001adb3962800 DEOPT PACKING pc=0x000001ad9fe0fcce sp=0x0000008af55fcce0
Event: 8.554 Thread 0x000001adb3962800 DEOPT UNPACKING pc=0x000001ad9f36a95e sp=0x0000008af55fc1b8 mode 0
Event: 8.554 Thread 0x000001adb3962800 DEOPT PACKING pc=0x000001ad9fe0fcce sp=0x0000008af55fcce0
Event: 8.554 Thread 0x000001adb3962800 DEOPT UNPACKING pc=0x000001ad9f36a95e sp=0x0000008af55fc1b8 mode 0
Event: 8.787 Thread 0x000001adb3962800 DEOPT PACKING pc=0x000001ad9fe0fcce sp=0x0000008af55fc950
Event: 8.787 Thread 0x000001adb3962800 DEOPT UNPACKING pc=0x000001ad9f36a95e sp=0x0000008af55fbe28 mode 0
Event: 8.788 Thread 0x000001adb3962800 DEOPT PACKING pc=0x000001ad9fe0fcce sp=0x0000008af55fc950
Event: 8.788 Thread 0x000001adb3962800 DEOPT UNPACKING pc=0x000001ad9f36a95e sp=0x0000008af55fbe28 mode 0

Classes redefined (0 events):
No events

Internal exceptions (20 events):
Event: 4.726 Thread 0x000001adb3a5c000 Exception <a 'java/lang/NoSuchMethodError'{0x00000000eafd3570}: 'java.lang.Object java.lang.invoke.DirectMethodHandle$Holder.invokeSpecial(java.lang.Object, java.lang.Object, int, int, java.lang.Object, java.lang.Object, java.lang.Object)'> (0x00000000eafd3570) thrown at [./src/hotspot/share/interpreter/linkResolver.cpp, line 773]
Event: 4.726 Thread 0x000001adb3a5c000 Exception <a 'java/lang/NoSuchMethodError'{0x00000000eafd6b00}: 'java.lang.Object java.lang.invoke.DelegatingMethodHandle$Holder.reinvoke_L(java.lang.Object, int, int, java.lang.Object, java.lang.Object, java.lang.Object)'> (0x00000000eafd6b00) thrown at [./src/hotspot/share/interpreter/linkResolver.cpp, line 773]
Event: 4.987 Thread 0x000001adb3a5c000 Exception <a 'java/io/FileNotFoundException'{0x00000000eba30e98}> (0x00000000eba30e98) thrown at [./src/hotspot/share/prims/jni.cpp, line 615]
Event: 5.367 Thread 0x000001adb3a5c000 Exception <a 'java/lang/NoSuchMethodError'{0x00000000ead8dbf8}: 'void java.lang.invoke.DirectMethodHandle$Holder.invokeSpecial(java.lang.Object, java.lang.Object, java.lang.Object, java.lang.Object)'> (0x00000000ead8dbf8) thrown at [./src/hotspot/share/interpreter/linkResolver.cpp, line 773]
Event: 5.383 Thread 0x000001adb3a5c000 Exception <a 'java/io/FileNotFoundException'{0x00000000eade7c98}> (0x00000000eade7c98) thrown at [./src/hotspot/share/prims/jni.cpp, line 615]
Event: 5.707 Thread 0x000001adb3a5c000 Exception <a 'java/lang/NoSuchMethodError'{0x00000000eae895c8}: 'int java.lang.invoke.DirectMethodHandle$Holder.invokeStaticInit(java.lang.Object, java.lang.Object, java.lang.Object)'> (0x00000000eae895c8) thrown at [./src/hotspot/share/interpreter/linkResolver.cpp, line 773]
Event: 5.716 Thread 0x000001adb3a5c000 Exception <a 'java/lang/IncompatibleClassChangeError'{0x00000000eaf19650}: Found class java.lang.Object, but interface was expected> (0x00000000eaf19650) thrown at [./src/hotspot/share/interpreter/linkResolver.cpp, line 839]
Event: 6.092 Thread 0x000001adb3a5c000 Exception <a 'java/lang/ClassNotFoundException'{0x00000000eac5fe50}: com/sun/org/apache/xerces/internal/impl/msg/spi/DOMMessagesProvider> (0x00000000eac5fe50) thrown at [./src/hotspot/share/classfile/systemDictionary.cpp, line 231]
Event: 6.097 Thread 0x000001adb3a5c000 Implicit null exception at 0x000001ada6eb8589 to 0x000001ada6eb9358
Event: 6.101 Thread 0x000001adb3a5c000 Exception <a 'java/lang/ClassNotFoundException'{0x00000000eac97628}: com/sun/org/apache/xerces/internal/impl/msg/spi/XMLSerializerMessagesProvider> (0x00000000eac97628) thrown at [./src/hotspot/share/classfile/systemDictionary.cpp, line 231]
Event: 6.104 Thread 0x000001adb3a5c000 Exception <a 'java/lang/ClassNotFoundException'{0x00000000eacac578}: com/sun/org/apache/xerces/internal/impl/msg/spi/XMLMessagesProvider> (0x00000000eacac578) thrown at [./src/hotspot/share/classfile/systemDictionary.cpp, line 231]
Event: 6.784 Thread 0x000001adb3a5c000 Exception <a 'java/lang/ClassNotFoundException'{0x00000000eb221c88}: com/sun/org/apache/xml/internal/serializer/spi/XMLEntitiesProvider> (0x00000000eb221c88) thrown at [./src/hotspot/share/classfile/systemDictionary.cpp, line 231]
Event: 6.939 Thread 0x000001adb3a5c000 Exception <a 'java/io/FileNotFoundException'{0x00000000eb66e568}> (0x00000000eb66e568) thrown at [./src/hotspot/share/prims/jni.cpp, line 615]
Event: 6.975 Thread 0x000001adb3a5c000 Exception <a 'java/io/FileNotFoundException'{0x00000000eb6d9ac0}> (0x00000000eb6d9ac0) thrown at [./src/hotspot/share/prims/jni.cpp, line 615]
Event: 6.992 Thread 0x000001adb3a5c000 Exception <a 'java/io/FileNotFoundException'{0x00000000eb74f1b0}> (0x00000000eb74f1b0) thrown at [./src/hotspot/share/prims/jni.cpp, line 615]
Event: 7.379 Thread 0x000001adb3962800 Exception <a 'java/io/FileNotFoundException'{0x00000000eaf4bf98}> (0x00000000eaf4bf98) thrown at [./src/hotspot/share/prims/jni.cpp, line 615]
Event: 7.887 Thread 0x000001adb456a800 Exception <a 'java/io/FileNotFoundException'{0x00000000eb39b588}> (0x00000000eb39b588) thrown at [./src/hotspot/share/prims/jni.cpp, line 615]
Event: 7.889 Thread 0x000001adb456a800 Exception <a 'java/io/FileNotFoundException'{0x00000000eb39d650}> (0x00000000eb39d650) thrown at [./src/hotspot/share/prims/jni.cpp, line 615]
Event: 7.893 Thread 0x000001adb456a800 Exception <a 'java/lang/NoSuchMethodError'{0x00000000eb3b1458}: 'void java.lang.invoke.DirectMethodHandle$Holder.invokeStaticInit(java.lang.Object, java.lang.Object, java.lang.Object)'> (0x00000000eb3b1458) thrown at [./src/hotspot/share/interpreter/linkResolver.cpp, line 773]
Event: 8.483 Thread 0x000001adb3962800 Exception <a 'java/lang/NoSuchMethodError'{0x00000000eaeab3b8}: 'java.lang.Object java.lang.invoke.DirectMethodHandle$Holder.invokeInterface(java.lang.Object, java.lang.Object, java.lang.Object)'> (0x00000000eaeab3b8) thrown at [./src/hotspot/share/interpreter/linkResolver.cpp, line 773]

Events (20 events):
Event: 8.513 Executing VM operation: RevokeBias
Event: 8.513 Executing VM operation: RevokeBias done
Event: 8.536 Executing VM operation: RevokeBias
Event: 8.536 Executing VM operation: RevokeBias done
Event: 8.536 Executing VM operation: RevokeBias
Event: 8.536 Executing VM operation: RevokeBias done
Event: 8.536 Executing VM operation: RevokeBias
Event: 8.536 Executing VM operation: RevokeBias done
Event: 8.548 loading class org/eclipse/jdt/internal/compiler/problem/messages
Event: 8.548 loading class org/eclipse/jdt/internal/compiler/problem/messages done
Event: 8.555 loading class org/eclipse/jdt/internal/compiler/problem/messages_ko
Event: 8.555 loading class org/eclipse/jdt/internal/compiler/problem/messages_ko done
Event: 8.555 loading class org/eclipse/jdt/internal/compiler/problem/messages_ko_KR
Event: 8.555 loading class org/eclipse/jdt/internal/compiler/problem/messages_ko_KR done
Event: 8.874 Executing VM operation: ParallelGCFailedAllocation
Event: 8.879 Executing VM operation: ParallelGCFailedAllocation done
Event: 8.900 Executing VM operation: Deoptimize
Event: 8.900 Executing VM operation: Deoptimize done
Event: 8.911 Executing VM operation: CollectForMetadataAllocation
Event: 9.098 Executing VM operation: CollectForMetadataAllocation done


Dynamic libraries:
0x00007ff6bbbd0000 - 0x00007ff6bbbdd000 	C:\Program Files\Eclipse Foundation\jdk-11.0.12.7-hotspot\bin\java.exe
0x00007ffbe33f0000 - 0x00007ffbe35e5000 	C:\Windows\SYSTEM32\ntdll.dll
0x00007ffbe2ae0000 - 0x00007ffbe2b9d000 	C:\Windows\System32\KERNEL32.DLL
0x00007ffbe0d20000 - 0x00007ffbe0fe9000 	C:\Windows\System32\KERNELBASE.dll
0x00007ffbdded0000 - 0x00007ffbddf60000 	C:\Windows\SYSTEM32\apphelp.dll
0x00007ffbe1020000 - 0x00007ffbe1120000 	C:\Windows\System32\ucrtbase.dll
0x00007ffbbd400000 - 0x00007ffbbd415000 	C:\Program Files\Eclipse Foundation\jdk-11.0.12.7-hotspot\bin\VCRUNTIME140.dll
0x00007ffbbd3e0000 - 0x00007ffbbd3f7000 	C:\Program Files\Eclipse Foundation\jdk-11.0.12.7-hotspot\bin\jli.dll
0x00007ffbe2c50000 - 0x00007ffbe2df0000 	C:\Windows\System32\USER32.dll
0x00007ffbe0ff0000 - 0x00007ffbe1012000 	C:\Windows\System32\win32u.dll
0x00007ffbe1e00000 - 0x00007ffbe1e2a000 	C:\Windows\System32\GDI32.dll
0x00007ffbe1200000 - 0x00007ffbe130b000 	C:\Windows\System32\gdi32full.dll
0x00007ffbe0b20000 - 0x00007ffbe0bbd000 	C:\Windows\System32\msvcp_win.dll
0x00007ffbd1970000 - 0x00007ffbd1c0a000 	C:\Windows\WinSxS\amd64_microsoft.windows.common-controls_6595b64144ccf1df_6.0.19041.1110_none_60b5254171f9507e\COMCTL32.dll
0x00007ffbe1ad0000 - 0x00007ffbe1b6e000 	C:\Windows\System32\msvcrt.dll
0x00007ffbe2ab0000 - 0x00007ffbe2ae0000 	C:\Windows\System32\IMM32.DLL
0x00007ffb5e4f0000 - 0x00007ffb5e58b000 	C:\Program Files\Eclipse Foundation\jdk-11.0.12.7-hotspot\bin\msvcp140.dll
0x00007ffb5d990000 - 0x00007ffb5e4e9000 	C:\Program Files\Eclipse Foundation\jdk-11.0.12.7-hotspot\bin\server\jvm.dll
0x00007ffbe2ba0000 - 0x00007ffbe2c4c000 	C:\Windows\System32\ADVAPI32.dll
0x00007ffbe1ba0000 - 0x00007ffbe1c3b000 	C:\Windows\System32\sechost.dll
0x00007ffbe2f20000 - 0x00007ffbe304a000 	C:\Windows\System32\RPCRT4.dll
0x00007ffbe14c0000 - 0x00007ffbe14c8000 	C:\Windows\System32\PSAPI.DLL
0x00007ffbca1c0000 - 0x00007ffbca1c9000 	C:\Windows\SYSTEM32\WSOCK32.dll
0x00007ffbd6f60000 - 0x00007ffbd6f87000 	C:\Windows\SYSTEM32\WINMM.dll
0x00007ffbe2a40000 - 0x00007ffbe2aab000 	C:\Windows\System32\WS2_32.dll
0x00007ffbd6f90000 - 0x00007ffbd6f9a000 	C:\Windows\SYSTEM32\VERSION.dll
0x00007ffbdf3b0000 - 0x00007ffbdf3c2000 	C:\Windows\SYSTEM32\kernel.appcore.dll
0x00007ffbbd9f0000 - 0x00007ffbbda00000 	C:\Program Files\Eclipse Foundation\jdk-11.0.12.7-hotspot\bin\verify.dll
0x00007ffbdef90000 - 0x00007ffbdf174000 	C:\Windows\SYSTEM32\DBGHELP.DLL
0x00007ffbd0ca0000 - 0x00007ffbd0ccc000 	C:\Windows\SYSTEM32\dbgcore.DLL
0x00007ffbe13c0000 - 0x00007ffbe1443000 	C:\Windows\System32\bcryptPrimitives.dll
0x00007ffbb95a0000 - 0x00007ffbb95c8000 	C:\Program Files\Eclipse Foundation\jdk-11.0.12.7-hotspot\bin\java.dll
0x00007ffbbcf80000 - 0x00007ffbbcf8a000 	C:\Program Files\Eclipse Foundation\jdk-11.0.12.7-hotspot\bin\jimage.dll
0x00007ffbbcd10000 - 0x00007ffbbcd1e000 	C:\Program Files\Eclipse Foundation\jdk-11.0.12.7-hotspot\bin\instrument.dll
0x00007ffbb8d60000 - 0x00007ffbb8d77000 	C:\Program Files\Eclipse Foundation\jdk-11.0.12.7-hotspot\bin\zip.dll
0x00007ffbe1e30000 - 0x00007ffbe256f000 	C:\Windows\System32\SHELL32.dll
0x00007ffbde740000 - 0x00007ffbdeed0000 	C:\Windows\SYSTEM32\windows.storage.dll
0x00007ffbe3050000 - 0x00007ffbe33a5000 	C:\Windows\System32\combase.dll
0x00007ffbe04b0000 - 0x00007ffbe04dc000 	C:\Windows\SYSTEM32\Wldp.dll
0x00007ffbe2570000 - 0x00007ffbe261e000 	C:\Windows\System32\SHCORE.dll
0x00007ffbe1460000 - 0x00007ffbe14b5000 	C:\Windows\System32\shlwapi.dll
0x00007ffbe0a60000 - 0x00007ffbe0a7f000 	C:\Windows\SYSTEM32\profapi.dll
0x00007ffbb43e0000 - 0x00007ffbb43f9000 	C:\Program Files\Eclipse Foundation\jdk-11.0.12.7-hotspot\bin\net.dll
0x00007ffbd45d0000 - 0x00007ffbd46d8000 	C:\Windows\SYSTEM32\WINHTTP.dll
0x00007ffbe0210000 - 0x00007ffbe027a000 	C:\Windows\system32\mswsock.dll
0x00007ffbab550000 - 0x00007ffbab562000 	C:\Program Files\Eclipse Foundation\jdk-11.0.12.7-hotspot\bin\nio.dll
0x00007ffbe0410000 - 0x00007ffbe0428000 	C:\Windows\SYSTEM32\CRYPTSP.dll
0x00007ffbdfb90000 - 0x00007ffbdfbc4000 	C:\Windows\system32\rsaenh.dll
0x00007ffbe11d0000 - 0x00007ffbe11f7000 	C:\Windows\System32\bcrypt.dll
0x00007ffbe09e0000 - 0x00007ffbe0a0e000 	C:\Windows\SYSTEM32\USERENV.dll
0x00007ffbe0400000 - 0x00007ffbe040c000 	C:\Windows\SYSTEM32\CRYPTBASE.dll
0x00007ffbdff00000 - 0x00007ffbdff3b000 	C:\Windows\SYSTEM32\IPHLPAPI.DLL
0x00007ffbe1b70000 - 0x00007ffbe1b78000 	C:\Windows\System32\NSI.dll
0x00007ffbd9380000 - 0x00007ffbd9397000 	C:\Windows\SYSTEM32\dhcpcsvc6.DLL
0x00007ffbd9340000 - 0x00007ffbd935d000 	C:\Windows\SYSTEM32\dhcpcsvc.DLL
0x00007ffbdff40000 - 0x00007ffbe000c000 	C:\Windows\SYSTEM32\DNSAPI.dll
0x00007ffb97d30000 - 0x00007ffb97d6e000 	C:\Users\wnsgu\AppData\Roaming\Code\User\globalStorage\redhat.java\0.81.0\config_ss_win\org.eclipse.equinox.launcher\org.eclipse.equinox.launcher.win32.win32.x86_64_1.2.300.v20210622-1446\eclipse_11503.dll
0x00007ffbab530000 - 0x00007ffbab541000 	C:\Users\wnsgu\AppData\Roaming\Code\User\globalStorage\redhat.java\0.81.0\config_ss_win\org.eclipse.osgi\16\0\.cp\jWinHttp-1.0.0.dll
0x00007ffbe2df0000 - 0x00007ffbe2f1a000 	C:\Windows\System32\ole32.dll

dbghelp: loaded successfully - version: 4.0.5 - missing functions: none
symbol engine: initialized successfully - sym options: 0x614 - pdb path: .;C:\Program Files\Eclipse Foundation\jdk-11.0.12.7-hotspot\bin;C:\Windows\SYSTEM32;C:\Windows\WinSxS\amd64_microsoft.windows.common-controls_6595b64144ccf1df_6.0.19041.1110_none_60b5254171f9507e;C:\Program Files\Eclipse Foundation\jdk-11.0.12.7-hotspot\bin\server;C:\Users\wnsgu\AppData\Roaming\Code\User\globalStorage\redhat.java\0.81.0\config_ss_win\org.eclipse.equinox.launcher\org.eclipse.equinox.launcher.win32.win32.x86_64_1.2.300.v20210622-1446;C:\Users\wnsgu\AppData\Roaming\Code\User\globalStorage\redhat.java\0.81.0\config_ss_win\org.eclipse.osgi\16\0\.cp

VM Arguments:
jvm_args: --add-modules=ALL-SYSTEM --add-opens=java.base/java.util=ALL-UNNAMED --add-opens=java.base/java.lang=ALL-UNNAMED -Declipse.application=org.eclipse.jdt.ls.core.id1 -Dosgi.bundles.defaultStartLevel=4 -Declipse.product=org.eclipse.jdt.ls.core.product -DwatchParentProcess=false -Dfile.encoding=utf-8 -XX:+UseParallelGC -XX:GCTimeRatio=4 -XX:AdaptiveSizePolicyWeight=90 -Dsun.zip.disableMemoryMapping=true -Xmx1G -Xms100m -javaagent:c:\Users\wnsgu\.vscode\extensions\gabrielbb.vscode-lombok-1.0.1\server\lombok.jar -Xverify:none 
java_command: c:\Users\wnsgu\.vscode\extensions\redhat.java-0.81.0\server\plugins\org.eclipse.equinox.launcher_1.6.200.v20210416-2027.jar -configuration c:\Users\wnsgu\AppData\Roaming\Code\User\globalStorage\redhat.java\0.81.0\config_ss_win -data c:\Users\wnsgu\AppData\Roaming\Code\User\workspaceStorage\0d211eff3f9b765b38045de0f8571aa9\redhat.java\ss_ws
java_class_path (initial): c:\Users\wnsgu\.vscode\extensions\redhat.java-0.81.0\server\plugins\org.eclipse.equinox.launcher_1.6.200.v20210416-2027.jar
Launcher Type: SUN_STANDARD

[Global flags]
    uintx AdaptiveSizePolicyWeight                 = 90                                        {product} {command line}
     bool BytecodeVerificationLocal                = false                                     {product} {command line}
     bool BytecodeVerificationRemote               = false                                     {product} {command line}
     intx CICompilerCount                          = 4                                         {product} {ergonomic}
    uintx GCTimeRatio                              = 4                                         {product} {command line}
   size_t InitialHeapSize                          = 104857600                                 {product} {command line}
   size_t MaxHeapSize                              = 1073741824                                {product} {command line}
   size_t MaxNewSize                               = 357564416                                 {product} {ergonomic}
   size_t MinHeapDeltaBytes                        = 524288                                    {product} {ergonomic}
   size_t NewSize                                  = 34603008                                  {product} {ergonomic}
    uintx NonNMethodCodeHeapSize                   = 5836300                                {pd product} {ergonomic}
    uintx NonProfiledCodeHeapSize                  = 122910970                              {pd product} {ergonomic}
   size_t OldSize                                  = 70254592                                  {product} {ergonomic}
    uintx ProfiledCodeHeapSize                     = 122910970                              {pd product} {ergonomic}
    uintx ReservedCodeCacheSize                    = 251658240                              {pd product} {ergonomic}
     bool SegmentedCodeCache                       = true                                      {product} {ergonomic}
     bool UseCompressedClassPointers               = true                                 {lp64_product} {ergonomic}
     bool UseCompressedOops                        = true                                 {lp64_product} {ergonomic}
     bool UseLargePagesIndividualAllocation        = false                                  {pd product} {ergonomic}
     bool UseParallelGC                            = true                                      {product} {command line}

Logging:
Log output configuration:
 #0: stdout all=warning uptime,level,tags
 #1: stderr all=off uptime,level,tags

Environment Variables:
JAVA_HOME=C:\Program Files\Eclipse Foundation\jdk-11.0.12.7-hotspot
CLASSPATH=.
PATH=C:\Program Files\Eclipse Foundation\jdk-11.0.12.7-hotspot\bin;C:\Program Files\Eclipse Foundation\jdk-11.0.12.7-hotspot;C:\app\wnsgu\virtual\product\12.2.0\dbhome_1\bin;C:\Users\wnsgu\AppData\Local\Android\Sdk\platform-tools;C:\KOSMO\web\tomcat9\bin;C:\Program Files (x86)\Common Files\Oracle\Java\javapath;C:\Program Files\MySQL\MySQL Server 8.0\bin;C:\Program Files\Eclipse Foundation\jdk-11.0.12.7-hotspot\bin;C:\Windows\system32;C:\Windows;C:\Windows\System32\Wbem;C:\Windows\System32\WindowsPowerShell\v1.0\;C:\Windows\System32\OpenSSH\;C:\Program Files\Git\cmd;C:\Program Files\nodejs\;C:\Users\wnsgu\anaconda3;C:\Users\wnsgu\anaconda3\Library\mingw-w64\bin;C:\Users\wnsgu\anaconda3\Library\usr\bin;C:\Users\wnsgu\anaconda3\Library\bin;C:\Users\wnsgu\anaconda3\Scripts;C:\Users\wnsgu\AppData\Local\Microsoft\WindowsApps;C:\Program Files\IntelliJ IDEA 2021.1.2\bin;;C:\Users\wnsgu\AppData\Local\Programs\Microsoft VS Code\bin;C:\Users\wnsgu\AppData\Local\GitHubDesktop\bin;C:\Users\wnsgu\AppData\Roaming\npm
USERNAME=wnsgu
OS=Windows_NT
PROCESSOR_IDENTIFIER=AMD64 Family 23 Model 24 Stepping 1, AuthenticAMD



---------------  S Y S T E M  ---------------

OS: Windows 10 , 64 bit Build 19041 (10.0.19041.1151)
OS uptime: 0 days 0:16 hours

CPU:total 8 (initial active 8) (8 cores per cpu, 2 threads per core) family 23 model 24 stepping 1 microcode 0x0, cmov, cx8, fxsr, mmx, sse, sse2, sse3, ssse3, sse4.1, sse4.2, popcnt, avx, avx2, aes, clmul, mmxext, 3dnowpref, lzcnt, sse4a, ht, tsc, tscinvbit, tscinv, bmi1, bmi2, adx, sha, fma

Memory: 4k page, system-wide physical 6091M (309M free)
TotalPageFile size 16843M (AvailPageFile size 5840M)
current process WorkingSet (physical memory assigned to process): 146M, peak: 149M
current process commit charge ("private bytes"): 238M, peak: 242M

vm_info: OpenJDK 64-Bit Server VM (11.0.12+7) for windows-amd64 JRE (11.0.12+7), built on Jul 21 2021 16:23:49 by "" with unknown MS VC++:1916

END.
